Arguments: 
  /usr/local/Cellar/node/12.3.1/bin/node /usr/local/Cellar/yarn/1.16.0/libexec/bin/yarn.js global bin

PATH: 
  /Users/mac/.rbenv/shims:/Applications/Postgres.app/Contents/Versions/11/bin:/usr/local/bin:/usr/bin:/bin:/usr/sbin:/sbin

Yarn version: 
  1.16.0

Node version: 
  12.3.1

Platform: 
  darwin x64

Trace: 
  SyntaxError: /Users/mac/dpl/PrimaryPortoflioProject/studios-bidder/package.json: Unexpected token / in JSON at position 319
      at JSON.parse (<anonymous>)
      at /usr/local/Cellar/yarn/1.16.0/libexec/lib/cli.js:1625:59
      at Generator.next (<anonymous>)
      at step (/usr/local/Cellar/yarn/1.16.0/libexec/lib/cli.js:304:30)
      at /usr/local/Cellar/yarn/1.16.0/libexec/lib/cli.js:315:13

npm manifest: 
  {
    "name": "studios-bidder",
    "version": "1.0.0",
    "description": "This README would normally document whatever steps are necessary to get the application up and running.",
    "main": "index.js",
    "directories": {
      "lib": "lib",
      "test": "test",
      "engines": {
        "node": "12.3.1"
    },
    "scripts": {
      // "test": "echo \"Error: no test specified\" && exit 1",
      "build": "cd client && npm install --only=dev && npm install && npm run build && cd ..",
      "deploy": "cp -a client/build/. public/",
      "heroku-postbuild": "npm run build && npm run deploy && echo 'Client Built'"
    },
    "repository": {
      "type": "git",
      "url": "git+https://github.com/devpointlabs/studios-bidder.git"
    },
    "keywords": [],
    "author": "",
    "license": "ISC",
    "bugs": {
      "url": "https://github.com/devpointlabs/studios-bidder/issues"
    },
    "homepage": "https://github.com/devpointlabs/studios-bidder#readme"
  }

yarn manifest: 
  No manifest

Lockfile: 
  No lockfile
